[WARN][image.go:62]2020/07/24 15:13:13 [17675]
[WARN][image.go:63]2020/07/24 15:13:13 [5]
[WARN][image.go:62]2020/07/24 15:16:15 [17675]
[WARN][image.go:63]2020/07/24 15:16:15 [5242880]
[WARN][image.go:62]2020/07/24 15:16:52 [17675]
[WARN][image.go:63]2020/07/24 15:16:52 [5242880]
[WARN][image.go:62]2020/07/24 15:17:19 [734638]
[WARN][image.go:63]2020/07/24 15:17:19 [5242880]
[WARN][upload.go:25]2020/07/24 15:18:28 [multipart: NextPart: EOF]
[WARN][upload.go:25]2020/07/24 15:20:48 [multipart: NextPart: EOF]
[WARN][upload.go:25]2020/07/24 15:23:31 [multipart: NextPart: EOF]
[WARN][upload.go:25]2020/07/24 15:24:35 [multipart: NextPart: EOF]
[WARN][upload.go:25]2020/07/24 15:24:36 [multipart: NextPart: EOF]
[WARN][upload.go:25]2020/07/24 15:24:36 [multipart: NextPart: EOF]
[WARN][upload.go:25]2020/07/24 15:24:36 [multipart: NextPart: EOF]
[WARN][upload.go:25]2020/07/24 15:24:36 [multipart: NextPart: EOF]
[WARN][upload.go:25]2020/07/24 15:24:37 [multipart: NextPart: EOF]
[WARN][upload.go:25]2020/07/24 15:24:37 [multipart: NextPart: EOF]
[WARN][upload.go:25]2020/07/24 15:24:37 [multipart: NextPart: EOF]
[WARN][upload.go:25]2020/07/24 15:24:37 [multipart: NextPart: EOF]
[WARN][upload.go:25]2020/07/24 15:24:38 [multipart: NextPart: EOF]
[WARN][upload.go:25]2020/07/24 15:25:37 [no multipart boundary param in Content-Type]
[WARN][upload.go:25]2020/07/24 15:25:38 [no multipart boundary param in Content-Type]
[WARN][upload.go:25]2020/07/24 15:25:43 [no multipart boundary param in Content-Type]
[WARN][upload.go:25]2020/07/24 15:25:52 [no multipart boundary param in Content-Type]
[WARN][upload.go:25]2020/07/24 15:33:19 [multipart: NextPart: EOF]
[WARN][upload.go:25]2020/07/24 15:33:19 [multipart: NextPart: EOF]
[WARN][upload.go:25]2020/07/24 15:33:19 [multipart: NextPart: EOF]
[WARN][upload.go:25]2020/07/24 15:39:01 [mime: invalid media parameter]
[WARN][upload.go:25]2020/07/24 15:39:30 [mime: invalid media parameter]
[WARN][upload.go:25]2020/07/24 15:39:59 [multipart: NextPart: EOF]
[WARN][upload.go:25]2020/07/24 15:40:08 [multipart: NextPart: EOF]
[WARN][upload.go:25]2020/07/24 15:40:29 [no multipart boundary param in Content-Type]
[WARN][upload.go:25]2020/07/24 15:40:38 [no multipart boundary param in Content-Type]
[WARN][upload.go:25]2020/07/24 15:40:59 [no multipart boundary param in Content-Type]
[WARN][upload.go:25]2020/07/24 16:14:57 [mime: invalid media parameter]
[WARN][upload.go:25]2020/07/24 16:15:06 [multipart: NextPart: EOF]
[WARN][upload.go:25]2020/07/24 16:17:19 [mime: invalid media parameter]
[WARN][upload.go:25]2020/07/24 16:17:36 [mime: invalid media parameter]
[WARN][upload.go:25]2020/07/24 16:17:38 [mime: invalid media parameter]
[WARN][upload.go:25]2020/07/24 16:17:39 [mime: invalid media parameter]
[WARN][upload.go:25]2020/07/24 16:17:39 [mime: invalid media parameter]
[WARN][upload.go:25]2020/07/24 16:17:40 [mime: invalid media parameter]
[WARN][upload.go:25]2020/07/24 16:17:40 [mime: invalid media parameter]
[WARN][upload.go:25]2020/07/24 16:17:40 [mime: invalid media parameter]
[WARN][upload.go:25]2020/07/24 16:17:41 [mime: invalid media parameter]
[WARN][upload.go:25]2020/07/24 16:17:41 [mime: invalid media parameter]
[WARN][upload.go:25]2020/07/24 16:17:41 [mime: invalid media parameter]
[WARN][upload.go:25]2020/07/24 16:17:41 [mime: invalid media parameter]
[WARN][upload.go:25]2020/07/24 16:17:42 [mime: invalid media parameter]
[WARN][upload.go:25]2020/07/24 16:17:42 [mime: invalid media parameter]
[WARN][upload.go:25]2020/07/24 16:17:43 [mime: invalid media parameter]
[WARN][upload.go:25]2020/07/24 16:18:15 [multipart: NextPart: EOF]
[WARN][upload.go:25]2020/07/24 16:18:15 [multipart: NextPart: EOF]
[WARN][upload.go:25]2020/07/24 16:18:16 [multipart: NextPart: EOF]
[WARN][upload.go:25]2020/07/24 16:18:16 [multipart: NextPart: EOF]
[WARN][upload.go:25]2020/07/24 16:18:17 [multipart: NextPart: EOF]
[WARN][upload.go:25]2020/07/24 16:18:55 [multipart: NextPart: EOF]
[WARN][upload.go:25]2020/07/24 16:18:56 [multipart: NextPart: EOF]
[WARN][upload.go:25]2020/07/24 16:19:03 [multipart: NextPart: EOF]
[WARN][upload.go:25]2020/07/24 16:19:03 [multipart: NextPart: EOF]
[WARN][upload.go:25]2020/07/24 16:19:04 [multipart: NextPart: EOF]
[WARN][upload.go:25]2020/07/24 16:19:10 [mime: invalid media parameter]
[WARN][upload.go:25]2020/07/24 16:19:10 [mime: invalid media parameter]
[WARN][upload.go:25]2020/07/24 16:20:09 [multipart: NextPart: EOF]
[WARN][upload.go:25]2020/07/24 17:19:37 [mime: invalid media parameter]
[WARN][upload.go:25]2020/07/24 17:20:00 [mime: duplicate parameter name]
[WARN][upload.go:25]2020/07/24 17:20:11 [mime: duplicate parameter name]
